time="2023-04-05T16:52:22+08:00" level=info msg="[调用verifyCode接口,接收到的参数为: 123]"
time="2023-04-05T16:52:47+08:00" level=info msg="[调用verifyCode接口,接收到的参数为: 123]"
time="2023-04-05T16:53:23+08:00" level=info msg="[调用verifyCode接口,接收到的参数为: 123]"
time="2023-04-05T16:53:51+08:00" level=info msg="[调用verifyCode接口,接收到的参数为: 123]"
time="2023-04-05T16:54:16+08:00" level=info msg="[调用verifyCode接口,接收到的参数为: 12345]"
time="2023-04-05T16:54:32+08:00" level=info msg="[调用verifyCode接口,接收到的参数为: 12345]"
time="2023-04-05T16:57:30+08:00" level=info msg="[调用verifyCode接口,接收到的参数为: 123456]"
time="2023-04-05T16:59:07+08:00" level=info msg="[调用verifyCode接口,接收到的参数为: bbd9cbc6-b31e-4463-bbe7-348296edcffb]"
time="2023-04-05T16:59:35+08:00" level=info msg="[调用verifyCode接口,接收到的参数为: bbd9cbc6-b31e-4463-bbe7-348296edcffb]"
time="2023-04-05T17:00:15+08:00" level=info msg="[调用verifyCode接口,接收到的参数为: bbd9cbc6-b31e-4463-bbe7-348296edcffb]"
time="2023-04-05T17:00:19+08:00" level=info msg="[调用verifyCode接口,接收到的参数为: bbd9cbc6-b31e-4463-bbe7-348296edcffb]"
time="2023-04-05T17:01:09+08:00" level=info msg="[调用verifyCode接口,接收到的参数为: de444fdf-889e-4c03-a444-fd1418821d13]"
time="2023-04-05T17:01:29+08:00" level=info msg="[调用verifyCode接口,接收到的参数为: 3591dd79-acfa-4b87-a802-c920fc2361a9]"
time="2023-04-07T21:43:50+08:00" level=info msg="[调用getRainCity接口]"
time="2023-04-07T21:43:50+08:00" level=info msg="[GetValue redis获取值错误或为空值: redis: nil]"
time="2023-04-07T21:44:20+08:00" level=info msg="[调用getRainCity接口]"
time="2023-04-07T21:44:20+08:00" level=info msg="[GetValue redis获取值错误或为空值: redis: nil]"
time="2023-04-07T21:44:28+08:00" level=info msg="[调用getRainCity接口]"
time="2023-04-07T21:44:28+08:00" level=info msg="[GetValue redis获取值错误或为空值: redis: nil]"
time="2023-04-07T21:44:29+08:00" level=info msg="[调用getRainCity接口]"
time="2023-04-07T21:44:29+08:00" level=info msg="[GetValue redis获取值错误或为空值: redis: nil]"
time="2023-04-07T21:48:03+08:00" level=info msg="[调用getRainCity接口]"
time="2023-04-07T21:48:03+08:00" level=info msg="[GetValue redis获取值错误或为空值: redis: nil]"
time="2023-04-07T21:48:05+08:00" level=info msg="[调用getRainCity接口]"
time="2023-04-07T21:48:05+08:00" level=info msg="[GetValue redis获取值错误或为空值: redis: nil]"
